<?xml version="1.0" encoding="UTF-8"?>
<!-- Generated by org.testng.reporters.JUnitReportReporter -->
<testsuite hostname="WL350215" failures="0" tests="3" name="com.hrm.qa.testcases.HomePageTest" time="42.306" errors="0" timestamp="2021-02-13T11:35:19 IST" skipped="0">
  <testcase classname="com.hrm.qa.testcases.HomePageTest" name="verifyHomePageTitleTest" time="13.201"/>
  <system-out/>
  <testcase classname="com.hrm.qa.testcases.HomePageTest" name="verifyCorrectUserNameTest" time="13.796"/>
  <system-out/>
  <testcase classname="com.hrm.qa.testcases.HomePageTest" name="verifyConatctsLinkTest" time="15.309"/>
  <system-out/>
</testsuite> <!-- com.hrm.qa.testcases.HomePageTest -->
