<?xml version="1.0" encoding="UTF-8"?>
<!-- Generated by org.testng.reporters.JUnitReportReporter -->
<testsuite hostname="WL350215" failures="0" tests="3" name="com.hrm.qa.testcases.ContactsPageTest" time="48.079" errors="0" timestamp="2021-02-13T12:34:57 IST" skipped="0">
  <testcase classname="com.hrm.qa.testcases.ContactsPageTest" name="createNewContactTest" time="15.343"/>
  <system-out/>
  <testcase classname="com.hrm.qa.testcases.ContactsPageTest" name="createNewContactTest" time="16.994"/>
  <system-out/>
  <testcase classname="com.hrm.qa.testcases.ContactsPageTest" name="createNewContactTest" time="15.742"/>
  <system-out/>
</testsuite> <!-- com.hrm.qa.testcases.ContactsPageTest -->
