<?xml version="1.0" encoding="UTF-8"?>
<!-- Generated by org.testng.reporters.JUnitReportReporter -->
<testsuite hostname="WL350215" failures="0" tests="3" name="com.hrm.qa.testcases.LoginPageTest" time="61.723" errors="0" timestamp="2021-02-13T11:35:18 IST" skipped="0">
  <testcase classname="com.hrm.qa.testcases.LoginPageTest" name="loginPageTitleTest" time="20.908"/>
  <system-out/>
  <testcase classname="com.hrm.qa.testcases.LoginPageTest" name="signUpLinkTest" time="21.061"/>
  <system-out/>
  <testcase classname="com.hrm.qa.testcases.LoginPageTest" name="loginTest" time="19.754"/>
  <system-out/>
</testsuite> <!-- com.hrm.qa.testcases.LoginPageTest -->
