<?xml version="1.0" encoding="UTF-8"?>
<!-- Generated by org.testng.reporters.JUnitReportReporter -->
<testsuite hostname="WL350215" failures="0" tests="3" name="com.hrm.qa.testcases.HomePageTest" time="35.475" errors="0" timestamp="2021-02-13T17:57:25 IST" skipped="0">
  <testcase classname="com.hrm.qa.testcases.HomePageTest" name="verifyHomePageTitleTest" time="11.125"/>
  <system-out/>
  <testcase classname="com.hrm.qa.testcases.HomePageTest" name="verifyCorrectUserNameTest" time="12.750"/>
  <system-out/>
  <testcase classname="com.hrm.qa.testcases.HomePageTest" name="verifyConatctsLinkTest" time="11.600"/>
  <system-out/>
</testsuite> <!-- com.hrm.qa.testcases.HomePageTest -->
