<?xml version="1.0" encoding="UTF-8"?>
<!-- Generated by org.testng.reporters.JUnitReportReporter -->
<testsuite hostname="WL350215" failures="0" tests="3" name="com.hrm.qa.testcases.LoginPageTest" time="37.687" errors="0" timestamp="2021-02-13T17:57:25 IST" skipped="0">
  <testcase classname="com.hrm.qa.testcases.LoginPageTest" name="loginPageTitleTest" time="12.259"/>
  <system-out/>
  <testcase classname="com.hrm.qa.testcases.LoginPageTest" name="signUpLinkTest" time="11.562"/>
  <system-out/>
  <testcase classname="com.hrm.qa.testcases.LoginPageTest" name="loginTest" time="13.866"/>
  <system-out/>
</testsuite> <!-- com.hrm.qa.testcases.LoginPageTest -->
