<?xml version="1.0" encoding="UTF-8"?>
<!-- Generated by org.testng.reporters.JUnitReportReporter -->
<testsuite hostname="WL350215" failures="0" tests="6" name="com.hrm.qa.testcases.ContactsPageTest" time="96.669" errors="0" timestamp="2021-02-13T17:57:25 IST" skipped="0">
  <testcase classname="com.hrm.qa.testcases.ContactsPageTest" name="verifyContactsLabelTest" time="13.745"/>
  <system-out/>
  <testcase classname="com.hrm.qa.testcases.ContactsPageTest" name="selectSingleContactsByNameTest" time="14.827"/>
  <system-out/>
  <testcase classname="com.hrm.qa.testcases.ContactsPageTest" name="selectMultipleContactsByNameTest" time="15.104"/>
  <system-out/>
  <testcase classname="com.hrm.qa.testcases.ContactsPageTest" name="createNewContactTest" time="16.787"/>
  <system-out/>
  <testcase classname="com.hrm.qa.testcases.ContactsPageTest" name="createNewContactTest" time="19.536"/>
  <system-out/>
  <testcase classname="com.hrm.qa.testcases.ContactsPageTest" name="createNewContactTest" time="16.670"/>
  <system-out/>
</testsuite> <!-- com.hrm.qa.testcases.ContactsPageTest -->
